07.03.2023 14:11:38: Collecting data...
07.03.2023 14:11:38: Searching for: kirby-return-to-dreamland
07.03.2023 14:11:39: Searching for: kirby-return-to-dreamland
07.03.2023 14:11:51: [+] Exiting...
07.03.2023 14:12:45: Collecting data...
07.03.2023 14:12:45: Searching for: kirby-return-to-dreamland
07.03.2023 14:12:46: Searching for: kirby-return-to-dreamland
07.03.2023 14:12:51: Exiting...
07.03.2023 14:16:08: Collecting data...
07.03.2023 14:16:08: Searching for: kirby-return-to-dreamland
07.03.2023 14:16:08: Searching for: kirby-return-to-dreamland
07.03.2023 14:16:14: Exiting...
07.03.2023 14:19:54: Collecting data...
07.03.2023 14:19:54: Searching for: kirby-return-to-dreamland
07.03.2023 14:19:54: Searching for: kirby-return-to-dreamland
07.03.2023 14:19:58: Exiting...
07.03.2023 14:20:03: Collecting data...
07.03.2023 14:20:03: Searching for: kirby-return-to-dreamland
07.03.2023 14:20:03: Searching for: kirby-return-to-dreamland
07.03.2023 14:20:05: Exiting...
07.03.2023 14:31:46: Collecting data...
07.03.2023 14:31:46: Searching for: kirby-return-to-dreamland
07.03.2023 14:32:37: Collecting data...
07.03.2023 14:32:37: Searching for: kirby-return-to-dreamland
07.03.2023 14:33:09: Collecting data...
07.03.2023 14:33:09: Searching for: kirby-return-to-dreamland
07.03.2023 14:33:30: Collecting data...
07.03.2023 14:33:30: Searching for: kirby-return-to-dreamland
07.03.2023 14:36:26: Collecting data...
07.03.2023 14:36:26: Searching for: kirby-return-to-dreamland
07.03.2023 14:36:27: Warning: parsing failed.
07.03.2023 14:36:27: Warning: parsing failed.
07.03.2023 14:36:27: Warning: parsing failed.
07.03.2023 14:36:27: Warning: parsing failed.
07.03.2023 14:36:27: Warning: parsing failed.
07.03.2023 14:36:27: Scraping failed. Trying again in 60s.
07.03.2023 14:36:31: Exiting...
07.03.2023 14:37:03: Collecting data...
07.03.2023 14:37:03: Searching for: kirby-return-to-dreamland
07.03.2023 14:37:31: Collecting data...
07.03.2023 14:37:31: Searching for: kirby-return-to-dreamland
07.03.2023 14:37:44: Collecting data...
07.03.2023 14:37:44: Searching for: kirby-return-to-dreamland
07.03.2023 14:38:05: Collecting data...
07.03.2023 14:38:05: Searching for: kirby-return-to-dreamland
07.03.2023 14:38:57: Collecting data...
07.03.2023 14:38:57: Searching for: kirby-return-to-dreamland
07.03.2023 14:39:31: Collecting data...
07.03.2023 14:39:31: Searching for: kirby-return-to-dreamland
07.03.2023 14:39:40: Collecting data...
07.03.2023 14:39:40: Searching for: kirby-return-to-dreamland
07.03.2023 14:40:27: Collecting data...
07.03.2023 14:40:27: Searching for: kirby-return-to-dreamland
07.03.2023 14:40:51: Collecting data...
07.03.2023 14:40:51: Searching for: kirby-return-to-dreamland
07.03.2023 14:41:52: Searching for: kirby-return-to-dreamland
07.03.2023 14:42:23: Exiting...
07.03.2023 14:42:27: Collecting data...
07.03.2023 14:42:27: Searching for: kirby-return-to-dreamland
07.03.2023 14:43:28: Searching for: kirby-return-to-dreamland
07.03.2023 14:43:45: Exiting...
07.03.2023 14:43:49: Collecting data...
07.03.2023 14:43:49: Searching for: kirby-return-to-dreamland
07.03.2023 14:44:03: Exiting...
07.03.2023 14:44:28: Collecting data...
07.03.2023 14:44:28: Searching for: kirby-return-to-dreamland
07.03.2023 14:45:01: Exiting...
